0 info it worked if it ends with ok
1 verbose cli [ '/usr/bin/nodejs', '/usr/bin/npm', 'run', 'start' ]
2 info using npm@3.8.6
3 info using node@v6.1.0
4 verbose run-script [ 'prestart', 'start', 'poststart' ]
5 info lifecycle recipe-box@0.0.1~prestart: recipe-box@0.0.1
6 silly lifecycle recipe-box@0.0.1~prestart: no script for prestart, continuing
7 info lifecycle recipe-box@0.0.1~start: recipe-box@0.0.1
8 verbose lifecycle recipe-box@0.0.1~start: unsafe-perm in lifecycle true
9 verbose lifecycle recipe-box@0.0.1~start: PATH: /usr/lib/node_modules/npm/bin/node-gyp-bin:/home/nathaniel/github/recipe-box/node_modules/.bin:/usr/bin:/usr/class/cs143/cool/bin:/home/nathaniel/.rvm/gems/ruby-2.2.4/bin:/home/nathaniel/.rvm/gems/ruby-2.2.4@global/bin:/home/nathaniel/.rvm/rubies/ruby-2.2.4/bin:/usr/local/bin:/usr/bin:/bin:/usr/local/games:/usr/games:/home/nathaniel/.rvm/bin:/home/nathaniel/.rvm/bin:/home/nathaniel/.rvm/bin
10 verbose lifecycle recipe-box@0.0.1~start: CWD: /home/nathaniel/github/recipe-box
11 silly lifecycle recipe-box@0.0.1~start: Args: [ '-c', 'webpack -p && node server.js' ]
12 silly lifecycle recipe-box@0.0.1~start: Returned: code: 1  signal: null
13 info lifecycle recipe-box@0.0.1~start: Failed to exec start script
14 verbose stack Error: recipe-box@0.0.1 start: `webpack -p && node server.js`
14 verbose stack Exit status 1
14 verbose stack     at EventEmitter.<anonymous> (/usr/lib/node_modules/npm/lib/utils/lifecycle.js:239:16)
14 verbose stack     at emitTwo (events.js:106:13)
14 verbose stack     at EventEmitter.emit (events.js:191:7)
14 verbose stack     at ChildProcess.<anonymous> (/usr/lib/node_modules/npm/lib/utils/spawn.js:24:14)
14 verbose stack     at emitTwo (events.js:106:13)
14 verbose stack     at ChildProcess.emit (events.js:191:7)
14 verbose stack     at maybeClose (internal/child_process.js:850:16)
14 verbose stack     at Process.ChildProcess._handle.onexit (internal/child_process.js:215:5)
15 verbose pkgid recipe-box@0.0.1
16 verbose cwd /home/nathaniel/github/recipe-box
17 error Linux 3.16.0-4-amd64
18 error argv "/usr/bin/nodejs" "/usr/bin/npm" "run" "start"
19 error node v6.1.0
20 error npm  v3.8.6
21 error code ELIFECYCLE
22 error recipe-box@0.0.1 start: `webpack -p && node server.js`
22 error Exit status 1
23 error Failed at the recipe-box@0.0.1 start script 'webpack -p && node server.js'.
23 error Make sure you have the latest version of node.js and npm installed.
23 error If you do, this is most likely a problem with the recipe-box package,
23 error not with npm itself.
23 error Tell the author that this fails on your system:
23 error     webpack -p && node server.js
23 error You can get information on how to open an issue for this project with:
23 error     npm bugs recipe-box
23 error Or if that isn't available, you can get their info via:
23 error     npm owner ls recipe-box
23 error There is likely additional logging output above.
24 verbose exit [ 1, true ]
